AndroidLoginAndRegistration/app/build/outputs/logs/manifest-merger-debug-report.txt
-- Merging decision tree log ---
manifest
ADDED from src\main\AndroidManifest.xml:2:1-50:12
	package
		ADDED from src\main\AndroidManifest.xml:3:5-52
		INJECTED from src\main\AndroidManifest.xml
		INJECTED from src\main\AndroidManifest.xml
	android:versionName
		ADDED from src\main\AndroidManifest.xml:5:5-30
		INJECTED from src\main\AndroidManifest.xml
		INJECTED from src\main\AndroidManifest.xml
	android:versionCode
		ADDED from src\main\AndroidManifest.xml:4:5-28
		INJECTED from src\main\AndroidManifest.xml
		INJECTED from src\main\AndroidManifest.xml
	xmlns:android
		ADDED from src\main\AndroidManifest.xml:2:11-69
uses-sdk
ADDED from src\main\AndroidManifest.xml:7:5-9:41
MERGED from [com.android.support:design:23.1.1] AndroidManifest.xml:20:5-43
MERGED from [com.android.support:appcompat-v7:23.4.0] AndroidManifest.xml:21:5-23:78
MERGED from [com.android.support:animated-vector-drawable:23.4.0] AndroidManifest.xml:5:5-44
MERGED from [com.android.support:support-vector-drawable:23.4.0] AndroidManifest.xml:5:5-43
MERGED from [com.android.support:recyclerview-v7:23.1.1] AndroidManifest.xml:20:5-43
MERGED from [com.android.support:support-v4:23.4.0] AndroidManifest.xml:20:5-43
MERGED from [com.android.volley:volley:1.0.0] AndroidManifest.xml:7:5-43
	tools:overrideLibrary
		ADDED from [com.android.support:appcompat-v7:23.4.0] AndroidManifest.xml:23:9-75
	android:targetSdkVersion
		ADDED from src\main\AndroidManifest.xml:9:9-38
		INJECTED from src\main\AndroidManifest.xml
		INJECTED from src\main\AndroidManifest.xml
	android:minSdkVersion
		ADDED from src\main\AndroidManifest.xml:8:9-34
		INJECTED from src\main\AndroidManifest.xml
		INJECTED from src\main\AndroidManifest.xml
uses-permission#android.permission.INTERNET
ADDED from src\main\AndroidManifest.xml:11:5-67
	android:name
		ADDED from src\main\AndroidManifest.xml:11:22-64
application
ADDED from src\main\AndroidManifest.xml:13:5-48:19
MERGED from [com.android.support:design:23.1.1] AndroidManifest.xml:22:5-20
MERGED from [com.android.support:appcompat-v7:23.4.0] AndroidManifest.xml:25:5-20
MERGED from [com.android.support:animated-vector-drawable:23.4.0] AndroidManifest.xml:7:5-20
MERGED from [com.android.support:support-vector-drawable:23.4.0] AndroidManifest.xml:7:5-20
MERGED from [com.android.support:support-v4:23.4.0] AndroidManifest.xml:22:5-20
MERGED from [com.android.volley:volley:1.0.0] AndroidManifest.xml:9:5-20
	android:label
		ADDED from src\main\AndroidManifest.xml:17:9-41
	android:allowBackup
		ADDED from src\main\AndroidManifest.xml:15:9-35
	android:icon
		ADDED from src\main\AndroidManifest.xml:16:9-45
	android:theme
		ADDED from src\main\AndroidManifest.xml:18:9-40
	android:name
		ADDED from src\main\AndroidManifest.xml:14:9-79
activity#info.androidhive.loginandregistration.activity.LoginActivity
ADDED from src\main\AndroidManifest.xml:19:9-29:20
	android:label
		ADDED from src\main\AndroidManifest.xml:21:13-45
	android:launchMode
		ADDED from src\main\AndroidManifest.xml:22:13-43
	android:windowSoftInputMode
		ADDED from src\main\AndroidManifest.xml:23:13-52
	android:name
		ADDED from src\main\AndroidManifest.xml:20:13-51
intent-filter#android.intent.action.MAIN+android.intent.category.LAUNCHER
ADDED from src\main\AndroidManifest.xml:24:13-28:29
action#android.intent.action.MAIN
ADDED from src\main\AndroidManifest.xml:25:17-69
	android:name
		ADDED from src\main\AndroidManifest.xml:25:25-66
category#android.intent.category.LAUNCHER
ADDED from src\main\AndroidManifest.xml:27:17-77
	android:name
		ADDED from src\main\AndroidManifest.xml:27:27-74
activity#info.androidhive.loginandregistration.activity.UserTypeActivity
ADDED from src\main\AndroidManifest.xml:30:9-33:46
	android:label
		ADDED from src\main\AndroidManifest.xml:32:13-59
	android:launchMode
		ADDED from src\main\AndroidManifest.xml:33:13-43
	android:name
		ADDED from src\main\AndroidManifest.xml:31:13-54
activity#info.androidhive.loginandregistration.activity.RegisterActivity
ADDED from src\main\AndroidManifest.xml:34:9-38:55
	android:label
		ADDED from src\main\AndroidManifest.xml:36:13-45
	android:launchMode
		ADDED from src\main\AndroidManifest.xml:37:13-43
	android:windowSoftInputMode
		ADDED from src\main\AndroidManifest.xml:38:13-52
	android:name
		ADDED from src\main\AndroidManifest.xml:35:13-54
activity#info.androidhive.loginandregistration.activity.OwnerRegisterActivity
ADDED from src\main\AndroidManifest.xml:39:9-43:55
	android:label
		ADDED from src\main\AndroidManifest.xml:41:13-45
	android:launchMode
		ADDED from src\main\AndroidManifest.xml:42:13-43
	android:windowSoftInputMode
		ADDED from src\main\AndroidManifest.xml:43:13-52
	android:name
		ADDED from src\main\AndroidManifest.xml:40:13-59
activity#info.androidhive.loginandregistration.activity.MainActivity
ADDED from src\main\AndroidManifest.xml:44:9-47:46
	android:label
		ADDED from src\main\AndroidManifest.xml:46:13-45
	android:launchMode
		ADDED from src\main\AndroidManifest.xml:47:13-43
	android:name
		ADDED from src\main\AndroidManifest.xml:45:13-50